[Tue Jun 19 13:19:20 2018] [10844] /: D:/openServer/domains/catss/./classes/site.p(639:44): 'SELECT id FROM menus WHERE mainpage=1' No database selected [sql.execute] [uri=/, method=GET, cl=0]
[Tue Jun 19 13:19:21 2018] [10212] /: D:/openServer/domains/catss/./classes/site.p(639:44): 'SELECT id FROM menus WHERE mainpage=1' No database selected [sql.execute] [uri=/, method=GET, cl=0]
[Tue Jun 19 13:19:21 2018] [7056] /: D:/openServer/domains/catss/./classes/site.p(639:44): 'SELECT id FROM menus WHERE mainpage=1' No database selected [sql.execute] [uri=/, method=GET, cl=0]
[Tue Jun 19 13:19:21 2018] [9284] /: D:/openServer/domains/catss/./classes/site.p(639:44): 'SELECT id FROM menus WHERE mainpage=1' No database selected [sql.execute] [uri=/, method=GET, cl=0]
[Tue Jun 19 13:19:21 2018] [8028] /: D:/openServer/domains/catss/./classes/site.p(639:44): 'SELECT id FROM menus WHERE mainpage=1' No database selected [sql.execute] [uri=/, method=GET, cl=0]
[Tue Jun 19 13:19:22 2018] [2736] /: D:/openServer/domains/catss/./classes/site.p(639:44): 'SELECT id FROM menus WHERE mainpage=1' No database selected [sql.execute] [uri=/, method=GET, cl=0]
[Tue Jun 19 13:19:22 2018] [11236] /: D:/openServer/domains/catss/./classes/site.p(639:44): 'SELECT id FROM menus WHERE mainpage=1' No database selected [sql.execute] [uri=/, method=GET, cl=0]
[Tue Jun 19 13:19:24 2018] [4644] /: D:/openServer/domains/catss/./classes/site.p(639:44): 'SELECT id FROM menus WHERE mainpage=1' No database selected [sql.execute] [uri=/, method=GET, cl=0]
[Tue Jun 19 13:19:24 2018] [9380] /: D:/openServer/domains/catss/./classes/site.p(639:44): 'SELECT id FROM menus WHERE mainpage=1' No database selected [sql.execute] [uri=/, method=GET, cl=0]
[Tue Jun 19 13:19:24 2018] [5112] /: D:/openServer/domains/catss/./classes/site.p(639:44): 'SELECT id FROM menus WHERE mainpage=1' No database selected [sql.execute] [uri=/, method=GET, cl=0]
[Tue Jun 19 13:19:25 2018] [8048] /: D:/openServer/domains/catss/./classes/site.p(639:44): 'SELECT id FROM menus WHERE mainpage=1' No database selected [sql.execute] [uri=/, method=GET, cl=0]
[Tue Jun 19 13:19:25 2018] [2104] /: D:/openServer/domains/catss/./classes/site.p(639:44): 'SELECT id FROM menus WHERE mainpage=1' No database selected [sql.execute] [uri=/, method=GET, cl=0]
[Tue Jun 19 13:19:25 2018] [11112] /: D:/openServer/domains/catss/./classes/site.p(639:44): 'SELECT id FROM menus WHERE mainpage=1' No database selected [sql.execute] [uri=/, method=GET, cl=0]
[Tue Jun 19 13:58:50 2018] [8736] /: D:/openServer/domains/catss/./classes/site.p(639:44): 'SELECT id FROM menus WHERE mainpage=1' No database selected [sql.execute] [uri=/, method=GET, cl=0]
[Tue Jun 19 14:00:20 2018] [4756] /: D:/openServer/domains/catss/./classes/site.p(639:44): 'SELECT id FROM menus WHERE mainpage=1' No database selected [sql.execute] [uri=/, method=GET, cl=0]
[Tue Jun 19 14:00:20 2018] [10368] /: D:/openServer/domains/catss/./classes/site.p(639:44): 'SELECT id FROM menus WHERE mainpage=1' No database selected [sql.execute] [uri=/, method=GET, cl=0]
[Tue Jun 19 14:00:21 2018] [6388] /: D:/openServer/domains/catss/./classes/site.p(639:44): 'SELECT id FROM menus WHERE mainpage=1' No database selected [sql.execute] [uri=/, method=GET, cl=0]
[Tue Jun 19 14:00:21 2018] [2320] /: D:/openServer/domains/catss/./classes/site.p(639:44): 'SELECT id FROM menus WHERE mainpage=1' No database selected [sql.execute] [uri=/, method=GET, cl=0]
[Tue Jun 19 14:00:27 2018] [6984] /: D:/openServer/domains/catss/./classes/site.p(639:44): 'SELECT id FROM menus WHERE mainpage=1' No database selected [sql.execute] [uri=/, method=GET, cl=0]
[Tue Jun 19 14:00:28 2018] [8644] /: D:/openServer/domains/catss/./classes/site.p(639:44): 'SELECT id FROM menus WHERE mainpage=1' No database selected [sql.execute] [uri=/, method=GET, cl=0]
[Tue Jun 19 14:00:29 2018] [2292] /: D:/openServer/domains/catss/./classes/site.p(639:44): 'SELECT id FROM menus WHERE mainpage=1' No database selected [sql.execute] [uri=/, method=GET, cl=0]
[Tue Jun 19 14:00:34 2018] [10564] /: D:/openServer/domains/catss/auto.p(123:10): 'unhandled_exception_debug' undefined method [parser.runtime] [uri=/, method=GET, cl=0]
[Tue Jun 19 14:00:34 2018] [10564] Unhandled exception in /: D:/openServer/domains/catss/auto.p(123:10): 'unhandled_exception_debug' undefined method [parser.runtime] [uri=/, method=GET, cl=0]
[Tue Jun 19 14:01:02 2018] [10072] /: D:/openServer/domains/catss/./classes/site.p(639:44): 'SELECT id FROM menus WHERE mainpage=1' No database selected [sql.execute] [uri=/, method=GET, cl=0]
[Tue Jun 19 14:01:03 2018] [10576] /: D:/openServer/domains/catss/./classes/site.p(639:44): 'SELECT id FROM menus WHERE mainpage=1' No database selected [sql.execute] [uri=/, method=GET, cl=0]
[Tue Jun 19 14:01:03 2018] [8432] /: D:/openServer/domains/catss/./classes/site.p(639:44): 'SELECT id FROM menus WHERE mainpage=1' No database selected [sql.execute] [uri=/, method=GET, cl=0]
[Tue Jun 19 14:01:03 2018] [8436] /: D:/openServer/domains/catss/./classes/site.p(639:44): 'SELECT id FROM menus WHERE mainpage=1' No database selected [sql.execute] [uri=/, method=GET, cl=0]
[Tue Jun 19 14:01:15 2018] [11240] /: D:/openServer/domains/catss/./classes/site.p(285:15): '{!!!!!!!!!!!!!!} ' invalid number (double) [number.format] [uri=/, method=GET, cl=0]
[Tue Jun 19 14:01:17 2018] [10536] /: D:/openServer/domains/catss/./classes/site.p(285:15): '{!!!!!!!!!!!!!!} ' invalid number (double) [number.format] [uri=/, method=GET, cl=0]
[Tue Jun 19 14:01:54 2018] [10112] /: D:/openServer/domains/catss/./classes/site.p(285:15): '{----- } {!!!!!!!!!!!!!!} ' invalid number (double) [number.format] [uri=/, method=GET, cl=0]
[Tue Jun 19 14:06:00 2018] [9508] /: D:/openServer/domains/catss/./classes/site.p(285:15): '{----- } {!!!!!!!!!!!!!!} ' invalid number (double) [number.format] [uri=/, method=GET, cl=0]
[Tue Jun 19 14:06:01 2018] [6888] /: D:/openServer/domains/catss/./classes/site.p(285:15): '{----- } {!!!!!!!!!!!!!!} ' invalid number (double) [number.format] [uri=/, method=GET, cl=0]
[Tue Jun 19 14:06:02 2018] [11232] /: D:/openServer/domains/catss/./classes/site.p(285:15): '{----- } {!!!!!!!!!!!!!!} ' invalid number (double) [number.format] [uri=/, method=GET, cl=0]
[Tue Jun 19 14:06:02 2018] [5820] /: D:/openServer/domains/catss/./classes/site.p(285:15): '{----- } {!!!!!!!!!!!!!!} ' invalid number (double) [number.format] [uri=/, method=GET, cl=0]
[Tue Jun 19 14:06:02 2018] [6380] /: D:/openServer/domains/catss/./classes/site.p(285:15): '{----- } {!!!!!!!!!!!!!!} ' invalid number (double) [number.format] [uri=/, method=GET, cl=0]
[Tue Jun 19 14:06:11 2018] [10084] /: D:/openServer/domains/catss/./classes/site.p(285:15): '{----- } {!!!!!!!!!!!!!!} ' invalid number (double) [number.format] [uri=/, method=GET, cl=0]
[Tue Jun 19 14:06:11 2018] [10484] /: D:/openServer/domains/catss/./classes/site.p(285:15): '{----- } {!!!!!!!!!!!!!!} ' invalid number (double) [number.format] [uri=/, method=GET, cl=0]
[Tue Jun 19 14:06:12 2018] [2632] /: D:/openServer/domains/catss/./classes/site.p(285:15): '{----- } {!!!!!!!!!!!!!!} ' invalid number (double) [number.format] [uri=/, method=GET, cl=0]
[Tue Jun 19 14:06:12 2018] [10476] /: D:/openServer/domains/catss/./classes/site.p(285:15): '{----- } {!!!!!!!!!!!!!!} ' invalid number (double) [number.format] [uri=/, method=GET, cl=0]
[Tue Jun 19 14:06:12 2018] [9228] /: D:/openServer/domains/catss/./classes/site.p(285:15): '{----- } {!!!!!!!!!!!!!!} ' invalid number (double) [number.format] [uri=/, method=GET, cl=0]
[Tue Jun 19 14:06:12 2018] [8440] /: D:/openServer/domains/catss/./classes/site.p(285:15): '{----- } {!!!!!!!!!!!!!!} ' invalid number (double) [number.format] [uri=/, method=GET, cl=0]
[Tue Jun 19 14:06:17 2018] [8804] /: D:/openServer/domains/catss/./classes/site.p(285:15): '{----- } {!!!!!!!!!!!!!!} ' invalid number (double) [number.format] [uri=/, method=GET, cl=0]
[Tue Jun 19 14:06:18 2018] [7636] /: D:/openServer/domains/catss/./classes/site.p(285:15): '{----- } {!!!!!!!!!!!!!!} ' invalid number (double) [number.format] [uri=/, method=GET, cl=0]
[Tue Jun 19 14:06:18 2018] [8408] /: D:/openServer/domains/catss/./classes/site.p(285:15): '{----- } {!!!!!!!!!!!!!!} ' invalid number (double) [number.format] [uri=/, method=GET, cl=0]
[Tue Jun 19 14:06:18 2018] [6020] /: D:/openServer/domains/catss/./classes/site.p(285:15): '{----- } {!!!!!!!!!!!!!!} ' invalid number (double) [number.format] [uri=/, method=GET, cl=0]
[Tue Jun 19 14:06:19 2018] [8736] /: D:/openServer/domains/catss/./classes/site.p(285:15): '{----- } {!!!!!!!!!!!!!!} ' invalid number (double) [number.format] [uri=/, method=GET, cl=0]
[Tue Jun 19 14:06:20 2018] [10168] /: D:/openServer/domains/catss/./classes/site.p(285:15): '{----- } {!!!!!!!!!!!!!!} ' invalid number (double) [number.format] [uri=/, method=GET, cl=0]
[Tue Jun 19 14:06:26 2018] [4640] /: D:/openServer/domains/catss/./classes/site.p(285:15): '{----- } {!!!!!!!!!!!!!!} ' invalid number (double) [number.format] [uri=/, method=GET, cl=0]
[Tue Jun 19 14:06:27 2018] [10920] /: D:/openServer/domains/catss/./classes/site.p(285:15): '{----- } {!!!!!!!!!!!!!!} ' invalid number (double) [number.format] [uri=/, method=GET, cl=0]
[Tue Jun 19 14:06:27 2018] [10956] /: D:/openServer/domains/catss/./classes/site.p(285:15): '{----- } {!!!!!!!!!!!!!!} ' invalid number (double) [number.format] [uri=/, method=GET, cl=0]
[Tue Jun 19 14:06:27 2018] [10924] /: D:/openServer/domains/catss/./classes/site.p(285:15): '{----- } {!!!!!!!!!!!!!!} ' invalid number (double) [number.format] [uri=/, method=GET, cl=0]
[Tue Jun 19 14:06:28 2018] [10760] /: D:/openServer/domains/catss/./classes/site.p(285:15): '{----- } {!!!!!!!!!!!!!!} ' invalid number (double) [number.format] [uri=/, method=GET, cl=0]
[Tue Jun 19 14:06:28 2018] [5288] /: D:/openServer/domains/catss/./classes/site.p(285:15): '{----- } {!!!!!!!!!!!!!!} ' invalid number (double) [number.format] [uri=/, method=GET, cl=0]
[Tue Jun 19 14:06:28 2018] [5324] /: D:/openServer/domains/catss/./classes/site.p(285:15): '{----- } {!!!!!!!!!!!!!!} ' invalid number (double) [number.format] [uri=/, method=GET, cl=0]
[Tue Jun 19 14:07:03 2018] [10368] /: D:/openServer/domains/catss/auto.p(123:10): 'unhandled_exception_debug' undefined method [parser.runtime] [uri=/, method=GET, cl=0]
[Tue Jun 19 14:07:03 2018] [10368] Unhandled exception in /: D:/openServer/domains/catss/auto.p(123:10): 'unhandled_exception_debug' undefined method [parser.runtime] [uri=/, method=GET, cl=0]
[Tue Jun 19 14:08:35 2018] [2608] /: D:/openServer/domains/catss/./classes/site.p(285:15): '{----- } {!!!!!!!!!!!!!!} ' invalid number (double) [number.format] [uri=/, method=GET, cl=0]
[Tue Jun 19 14:08:52 2018] [8236] /: D:/openServer/domains/catss/./classes/site.p(639:44): 'SELECT id FROM menus WHERE mainpage=1' No database selected [sql.execute] [uri=/, method=GET, cl=0]
[Tue Jun 19 14:09:02 2018] [8364] /: D:/openServer/domains/catss/./classes/site.p(639:44): 'SELECT id FROM menus WHERE mainpage=1' No database selected [sql.execute] [uri=/, method=GET, cl=0]
[Tue Jun 19 14:11:59 2018] [6384] /: D:/openServer/domains/catss/./classes/site.p(643:44): 'SELECT id FROM menus WHERE mainpage=1' No database selected [sql.execute] [uri=/, method=GET, cl=0]
[Tue Jun 19 14:12:00 2018] [10556] /: D:/openServer/domains/catss/./classes/site.p(643:44): 'SELECT id FROM menus WHERE mainpage=1' No database selected [sql.execute] [uri=/, method=GET, cl=0]
[Tue Jun 19 14:12:00 2018] [10472] /: D:/openServer/domains/catss/./classes/site.p(643:44): 'SELECT id FROM menus WHERE mainpage=1' No database selected [sql.execute] [uri=/, method=GET, cl=0]
[Tue Jun 19 14:12:00 2018] [6212] /: D:/openServer/domains/catss/./classes/site.p(643:44): 'SELECT id FROM menus WHERE mainpage=1' No database selected [sql.execute] [uri=/, method=GET, cl=0]
[Tue Jun 19 14:12:00 2018] [11200] /: D:/openServer/domains/catss/./classes/site.p(643:44): 'SELECT id FROM menus WHERE mainpage=1' No database selected [sql.execute] [uri=/, method=GET, cl=0]
[Tue Jun 19 14:12:00 2018] [10608] /: D:/openServer/domains/catss/./classes/site.p(643:44): 'SELECT id FROM menus WHERE mainpage=1' No database selected [sql.execute] [uri=/, method=GET, cl=0]
[Tue Jun 19 14:12:00 2018] [5340] /: D:/openServer/domains/catss/./classes/site.p(643:44): 'SELECT id FROM menus WHERE mainpage=1' No database selected [sql.execute] [uri=/, method=GET, cl=0]
[Tue Jun 19 14:12:00 2018] [7532] /: D:/openServer/domains/catss/./classes/site.p(643:44): 'SELECT id FROM menus WHERE mainpage=1' No database selected [sql.execute] [uri=/, method=GET, cl=0]
[Tue Jun 19 14:12:01 2018] [10780] /: D:/openServer/domains/catss/./classes/site.p(643:44): 'SELECT id FROM menus WHERE mainpage=1' No database selected [sql.execute] [uri=/, method=GET, cl=0]
[Tue Jun 19 14:12:01 2018] [8376] /: D:/openServer/domains/catss/./classes/site.p(643:44): 'SELECT id FROM menus WHERE mainpage=1' No database selected [sql.execute] [uri=/, method=GET, cl=0]
[Tue Jun 19 14:12:22 2018] [10904] /: D:/openServer/domains/catss/./classes/site.p(643:44): 'SELECT id FROM menus WHERE mainpage=1' No database selected [sql.execute] [uri=/, method=GET, cl=0]
[Tue Jun 19 14:12:23 2018] [6468] /: D:/openServer/domains/catss/./classes/site.p(643:44): 'SELECT id FROM menus WHERE mainpage=1' No database selected [sql.execute] [uri=/, method=GET, cl=0]
[Tue Jun 19 14:12:23 2018] [10080] /: D:/openServer/domains/catss/./classes/site.p(643:44): 'SELECT id FROM menus WHERE mainpage=1' No database selected [sql.execute] [uri=/, method=GET, cl=0]
[Tue Jun 19 14:12:24 2018] [7912] /: D:/openServer/domains/catss/./classes/site.p(643:44): 'SELECT id FROM menus WHERE mainpage=1' No database selected [sql.execute] [uri=/, method=GET, cl=0]
[Tue Jun 19 14:12:24 2018] [1324] /: D:/openServer/domains/catss/./classes/site.p(643:44): 'SELECT id FROM menus WHERE mainpage=1' No database selected [sql.execute] [uri=/, method=GET, cl=0]
[Tue Jun 19 14:12:24 2018] [9764] /: D:/openServer/domains/catss/./classes/site.p(643:44): 'SELECT id FROM menus WHERE mainpage=1' No database selected [sql.execute] [uri=/, method=GET, cl=0]
[Tue Jun 19 14:12:24 2018] [2156] /: D:/openServer/domains/catss/./classes/site.p(643:44): 'SELECT id FROM menus WHERE mainpage=1' No database selected [sql.execute] [uri=/, method=GET, cl=0]
[Tue Jun 19 14:12:24 2018] [4772] /: D:/openServer/domains/catss/./classes/site.p(643:44): 'SELECT id FROM menus WHERE mainpage=1' No database selected [sql.execute] [uri=/, method=GET, cl=0]
[Tue Jun 19 14:12:25 2018] [10156] /: D:/openServer/domains/catss/./classes/site.p(643:44): 'SELECT id FROM menus WHERE mainpage=1' No database selected [sql.execute] [uri=/, method=GET, cl=0]
[Tue Jun 19 14:12:54 2018] [10776] /: D:/openServer/domains/catss/./classes/site.p(287:2): '?charset=utf8' connection string must start with protocol:// [parser.runtime] [uri=/, method=GET, cl=0]
[Tue Jun 19 14:13:51 2018] [3108] /: D:/openServer/domains/catss/./classes/site.p(287:2): 'mysql://****@[/var/run/mysqld/mysqld.sock]/catss?charset=utf8' Unknown database 'catss' [sql.connect] [uri=/, method=GET, cl=0]
[Tue Jun 19 14:21:33 2018] [9452] /manage/options/cats/: D:/openServer/domains/catss/manage/options/cats/auto.p(4:16): 'cats_cms' class is undefined [parser.runtime] [uri=/manage/options/cats/, method=GET, cl=0]
[Tue Jun 19 14:21:36 2018] [9364] /manage/options/cats/: D:/openServer/domains/catss/manage/options/cats/auto.p(4:16): 'cats_cms' class is undefined [parser.runtime] [uri=/manage/options/cats/, method=GET, cl=0]
