[[ue Tun 19 11:49:45 2018] [10068] /5 D:/openServer/domains/catss/./classes/site.p(283:2): 'mysql://:@[/var/run/mysqld/mysqld.sock]/?charset=utf8' undefined protocol 'mysql' [parser.runtime2] ur: D:/openServer/domains/catss/./classes/site.p(283:2): 'mysql://:@[/var/run/mysqld/mysqld.sock]/?charset=utf8' undefined protocol 'mysql' [parser.runtimei=/, i=/, method=GET, c
l=0]
[Tue Jun 19 11:51:07 2018] [8804] /: D:/openServer/domains/catss/./classes/site.p(283:2): 'mysql://:@[/var/run/mysqld/mysqld.sock]/?charset=utf8' undefined protocol 'mysql' [parser.runtime] [uri=/, method=GET, cl=0]
[Tue Jun 19 11:51:08 2018] [5216] /: D:/openServer/domains/catss/./classes/site.p(283:2): 'mysql://:@[/var/run/mysqld/mysqld.sock]/?charset=utf8' undefined protocol 'mysql' [parser.runtime] [uri=/, method=GET, cl=0]
[Tue Jun 19 11:56:48 2018] [10828] /: D:/openServer/domains/catss/./classes/site.p(283:2): 'mysql://:@[/var/run/mysqld/mysqld.sock]/?charset=utf8' undefined protocol 'mysql' [parser.runtime] [uri=/, method=GET, cl=0]
[Tue Jun 19 11:56:49 2018] [9764] /: D:/openServer/domains/catss/./classes/site.p(283:2): 'mysql://:@[/var/run/mysqld/mysqld.sock]/?charset=utf8' undefined protocol 'mysql' [parser.runtime] [uri=/, method=GET, cl=0]
[Tue Jun 19 11:56:49 2018] [9364] /: D:/openServer/domains/catss/./classes/site.p(283:2): 'mysql://:@[/var/run/mysqld/mysqld.sock]/?charset=utf8' undefined protocol 'mysql' [parser.runtime] [uri=/, method=GET, cl=0]
[Tue Jun 19 11:56:49 2018] [576] /: D:/openServer/domains/catss/./classes/site.p(283:2): 'mysql://:@[/var/run/mysqld/mysqld.sock]/?charset=utf8' undefined protocol 'mysql' [parser.runtime] [uri=/, method=GET, cl=0]
[Tue Jun 19 11:56:49 2018] [3244] /: D:/openServer/domains/catss/./classes/site.p(283:2): 'mysql://:@[/var/run/mysqld/mysqld.sock]/?charset=utf8' undefined protocol 'mysql' [parser.runtime] [uri=/, method=GET, cl=0]
[Tue Jun 19 11:56:50 2018] [9908] /: D:/openServer/domains/catss/./classes/site.p(283:2): 'mysql://:@[/var/run/mysqld/mysqld.sock]/?charset=utf8' undefined protocol 'mysql' [parser.runtime] [uri=/, method=GET, cl=0]
[Tue Jun 19 11:56:52 2018] [6944] /: D:/openServer/domains/catss/./classes/site.p(283:2): 'mysql://:@[/var/run/mysqld/mysqld.sock]/?charset=utf8' undefined protocol 'mysql' [parser.runtime] [uri=/, method=GET, cl=0]
[Tue Jun 19 11:56:52 2018] [9344] /: D:/openServer/domains/catss/./classes/site.p(283:2): 'mysql://:@[/var/run/mysqld/mysqld.sock]/?charset=utf8' undefined protocol 'mysql' [parser.runtime] [uri=/, method=GET, cl=0]
[Tue Jun 19 11:56:53 2018] [2588] /: D:/openServer/domains/catss/./classes/site.p(283:2): 'mysql://:@[/var/run/mysqld/mysqld.sock]/?charset=utf8' undefined protocol 'mysql' [parser.runtime] [uri=/, method=GET, cl=0]
[Tue Jun 19 11:56:53 2018] [1176] /: D:/openServer/domains/catss/./classes/site.p(283:2): 'mysql://:@[/var/run/mysqld/mysqld.sock]/?charset=utf8' undefined protocol 'mysql' [parser.runtime] [uri=/, method=GET, cl=0]
[Tue Jun 19 11:56:53 2018] [10780] /: D:/openServer/domains/catss/./classes/site.p(283:2): 'mysql://:@[/var/run/mysqld/mysqld.sock]/?charset=utf8' undefined protocol 'mysql' [parser.runtime] [uri=/, method=GET, cl=0]
[Tue Jun 19 11:56:53 2018] [5972] /: D:/openServer/domains/catss/./classes/site.p(283:2): 'mysql://:@[/var/run/mysqld/mysqld.sock]/?charset=utf8' undefined protocol 'mysql' [parser.runtime] [uri=/, method=GET, cl=0]
[Tue Jun 19 11:56:53 2018] [8756] /: D:/openServer/domains/catss/./classes/site.p(283:2): 'mysql://:@[/var/run/mysqld/mysqld.sock]/?charset=utf8' undefined protocol 'mysql' [parser.runtime] [uri=/, method=GET, cl=0]
[Tue Jun 19 11:56:54 2018] [10740] /: D:/openServer/domains/catss/./classes/site.p(283:2): 'mysql://:@[/var/run/mysqld/mysqld.sock]/?charset=utf8' undefined protocol 'mysql' [parser.runtime] [uri=/, method=GET, cl=0]
[Tue Jun 19 11:56:54 2018] [9640] /: D:/openServer/domains/catss/./classes/site.p(283:2): 'mysql://:@[/var/run/mysqld/mysqld.sock]/?charset=utf8' undefined protocol 'mysql' [parser.runtime] [uri=/, method=GET, cl=0]
[Tue Jun 19 12:10:59 2018] [10388] /: D:/openServer/domains/catss/./classes/site.p(283:2): 'D:\openServer\domains\catss\cgi-bin/lib/libparser3mysql.so' не является приложением Win32. [<no type>] [uri=/, method=GET, cl=0]
[Tue Jun 19 12:11:01 2018] [9892] /: D:/openServer/domains/catss/./classes/site.p(283:2): 'D:\openServer\domains\catss\cgi-bin/lib/libparser3mysql.so' не является приложением Win32. [<no type>] [uri=/, method=GET, cl=0]
[Tue Jun 19 12:11:01 2018] [9428] /: D:/openServer/domains/catss/./classes/site.p(283:2): 'D:\openServer\domains\catss\cgi-bin/lib/libparser3mysql.so' не является приложением Win32. [<no type>] [uri=/, method=GET, cl=0]
[Tue Jun 19 12:11:01 2018] [2248] /: D:/openServer/domains/catss/./classes/site.p(283:2): 'D:\openServer\domains\catss\cgi-bin/lib/libparser3mysql.so' не является приложением Win32. [<no type>] [uri=/, method=GET, cl=0]
[Tue Jun 19 12:11:01 2018] [8372] /: D:/openServer/domains/catss/./classes/site.p(283:2): 'D:\openServer\domains\catss\cgi-bin/lib/libparser3mysql.so' не является приложением Win32. [<no type>] [uri=/, method=GET, cl=0]
[Tue Jun 19 12:11:02 2018] [10840] /: D:/openServer/domains/catss/./classes/site.p(283:2): 'D:\openServer\domains\catss\cgi-bin/lib/libparser3mysql.so' не является приложением Win32. [<no type>] [uri=/, method=GET, cl=0]
[Tue Jun 19 12:11:03 2018] [9408] /: D:/openServer/domains/catss/./classes/site.p(283:2): 'D:\openServer\domains\catss\cgi-bin/lib/libparser3mysql.so' не является приложением Win32. [<no type>] [uri=/, method=GET, cl=0]
[Tue Jun 19 12:11:03 2018] [7148] /: D:/openServer/domains/catss/./classes/site.p(283:2): 'D:\openServer\domains\catss\cgi-bin/lib/libparser3mysql.so' не является приложением Win32. [<no type>] [uri=/, method=GET, cl=0]
[Tue Jun 19 12:11:04 2018] [6176] /: D:/openServer/domains/catss/./classes/site.p(283:2): 'D:\openServer\domains\catss\cgi-bin/lib/libparser3mysql.so' не является приложением Win32. [<no type>] [uri=/, method=GET, cl=0]
[Tue Jun 19 12:11:04 2018] [6592] /: D:/openServer/domains/catss/./classes/site.p(283:2): 'D:\openServer\domains\catss\cgi-bin/lib/libparser3mysql.so' не является приложением Win32. [<no type>] [uri=/, method=GET, cl=0]
[Tue Jun 19 12:11:32 2018] [3340] /: D:/openServer/domains/catss/./classes/site.p(283:2): 'mysql://:@[/var/run/mysqld/mysqld.sock]/?charset=utf8' undefined protocol 'mysql' [parser.runtime] [uri=/, method=GET, cl=0]
[Tue Jun 19 12:11:40 2018] [2176] /: D:/openServer/domains/catss/./classes/site.p(283:2): 'mysql://:@[/var/run/mysqld/mysqld.sock]/?charset=utf8' undefined protocol 'mysql' [parser.runtime] [uri=/, method=GET, cl=0]
[Tue Jun 19 12:11:42 2018] [10968] /: D:/openServer/domains/catss/./classes/site.p(283:2): 'mysql://:@[/var/run/mysqld/mysqld.sock]/?charset=utf8' undefined protocol 'mysql' [parser.runtime] [uri=/, method=GET, cl=0]
[Tue Jun 19 12:14:07 2018] [6160] /: D:/openServer/domains/catss/./classes/site.p(283:2): 'mysql://:@[/var/run/mysqld/mysqld.sock]/?charset=utf8' undefined protocol 'mysql' [parser.runtime] [uri=/, method=GET, cl=0]
[Tue Jun 19 12:14:11 2018] [8740] /: D:/openServer/domains/catss/./classes/site.p(283:2): 'mysql://:@[/var/run/mysqld/mysqld.sock]/?charset=utf8' undefined protocol 'mysql' [parser.runtime] [uri=/, method=GET, cl=0]
[Tue Jun 19 12:14:35 2018] [6788] /: D:/openServer/domains/catss/auto.p(123:10): 'unhandled_exception_debug' undefined method [parser.runtime] [uri=/, method=GET, cl=0]
[Tue Jun 19 12:14:35 2018] [6788] Unhandled exception in /: D:/openServer/domains/catss/auto.p(123:10): 'unhandled_exception_debug' undefined method [parser.runtime] [uri=/, method=GET, cl=0]
[Tue Jun 19 12:15:55 2018] [7936] /: D:/openServer/domains/catss/./classes/site.p(283:2): 'mysql://****@[/var/run/mysqld/mysqld.sock]/?charset=utf8' Access denied for user 'ODBC'@'localhost' (using password: NO) [sql.connect] [uri=/, method=GET, cl=0]
[Tue Jun 19 12:15:58 2018] [8252] /: D:/openServer/domains/catss/./classes/site.p(283:2): 'mysql://****@[/var/run/mysqld/mysqld.sock]/?charset=utf8' Access denied for user 'ODBC'@'localhost' (using password: NO) [sql.connect] [uri=/, method=GET, cl=0]
[Tue Jun 19 12:17:29 2018] [7224] /: D:/openServer/domains/catss/./classes/site.p(283:2): 'mysql://****@[/var/run/mysqld/mysqld.sock]/?charset=utf8' Access denied for user 'ODBC'@'localhost' (using password: NO) [sql.connect] [uri=/, method=GET, cl=0]
[Tue Jun 19 12:19:55 2018] [2036] /: D:/openServer/domains/catss/./classes/site.p(283:2): 'mysql://****@[/var/run/mysqld/mysqld.sock]/?charset=utf8' Access denied for user 'ODBC'@'localhost' (using password: NO) [sql.connect] [uri=/, method=GET, cl=0]
[Tue Jun 19 12:20:03 2018] [6212] /: D:/openServer/domains/catss/./classes/site.p(283:2): 'mysql://****@[/var/run/mysqld/mysqld.sock]/?charset=utf8' Access denied for user 'ODBC'@'localhost' (using password: NO) [sql.connect] [uri=/, method=GET, cl=0]
[Tue Jun 19 12:20:03 2018] [6440] /: D:/openServer/domains/catss/./classes/site.p(283:2): 'mysql://****@[/var/run/mysqld/mysqld.sock]/?charset=utf8' Access denied for user 'ODBC'@'localhost' (using password: NO) [sql.connect] [uri=/, method=GET, cl=0]
[Tue Jun 19 12:20:03 2018] [10156] /: D:/openServer/domains/catss/./classes/site.p(283:2): 'mysql://****@[/var/run/mysqld/mysqld.sock]/?charset=utf8' Access denied for user 'ODBC'@'localhost' (using password: NO) [sql.connect] [uri=/, method=GET, cl=0]
[Tue Jun 19 12:20:03 2018] [7664] /: D:/openServer/domains/catss/./classes/site.p(283:2): 'mysql://****@[/var/run/mysqld/mysqld.sock]/?charset=utf8' Access denied for user 'ODBC'@'localhost' (using password: NO) [sql.connect] [uri=/, method=GET, cl=0]
[Tue Jun 19 12:20:04 2018] [1680] /: D:/openServer/domains/catss/./classes/site.p(283:2): 'mysql://****@[/var/run/mysqld/mysqld.sock]/?charset=utf8' Access denied for user 'ODBC'@'localhost' (using password: NO) [sql.connect] [uri=/, method=GET, cl=0]
[Tue Jun 19 12:21:58 2018] [7924] /: D:/openServer/domains/catss/./classes/site.p(283:2): 'mysql://****@[/var/run/mysqld/mysqld.sock]/?charset=utf8' Access denied for user 'ODBC'@'localhost' (using password: NO) [sql.connect] [uri=/, method=GET, cl=0]
[Tue Jun 19 12:22:13 2018] [11140] /: D:/openServer/domains/catss/./classes/site.p(283:2): 'mysql://****@[/var/run/mysqld/mysqld.sock]/?charset=utf8' Access denied for user 'ODBC'@'localhost' (using password: NO) [sql.connect] [uri=/, method=GET, cl=0]
[Tue Jun 19 12:22:15 2018] [10008] /: D:/openServer/domains/catss/./classes/site.p(283:2): 'mysql://****@[/var/run/mysqld/mysqld.sock]/?charset=utf8' Access denied for user 'ODBC'@'localhost' (using password: NO) [sql.connect] [uri=/, method=GET, cl=0]
[Tue Jun 19 12:22:51 2018] [2592] /: D:/openServer/domains/catss/./classes/site.p(283:2): 'D:\openServer\domains\catss\cgi-bin/lib/libparser3mysql.so' не является приложением Win32. [<no type>] [uri=/, method=GET, cl=0]
[Tue Jun 19 12:23:06 2018] [4264] /: D:/openServer/domains/catss/./classes/site.p(283:2): 'mysql://****@[/var/run/mysqld/mysqld.sock]/?charset=utf8' Access denied for user 'ODBC'@'localhost' (using password: NO) [sql.connect] [uri=/, method=GET, cl=0]
[Tue Jun 19 12:23:26 2018] [2208] /: D:/openServer/domains/catss/./classes/site.p(283:2): 'D:\openServer\domains\catss\cgi-bin/lib/libparser3mysql.so' не является приложением Win32. [<no type>] [uri=/, method=GET, cl=0]
[Tue Jun 19 12:23:48 2018] [6320] /: D:/openServer/domains/catss/./classes/site.p(283:2): 'mysql://****@[/var/run/mysqld/mysqld.sock]/?charset=utf8' Access denied for user 'ODBC'@'localhost' (using password: NO) [sql.connect] [uri=/, method=GET, cl=0]
[Tue Jun 19 12:24:17 2018] [9308] /: D:/openServer/domains/catss/./classes/site.p(283:2): 'mysql://****@[/var/run/mysqld/mysqld.sock]/?charset=utf8' Access denied for user 'ODBC'@'localhost' (using password: NO) [sql.connect] [uri=/, method=GET, cl=0]
[Tue Jun 19 12:24:35 2018] [6388] /: D:/openServer/domains/catss/./classes/site.p(283:2): 'mysql://****@[/var/run/mysqld/mysqld.sock]/?charset=utf8' Access denied for user 'ODBC'@'localhost' (using password: NO) [sql.connect] [uri=/, method=GET, cl=0]
[Tue Jun 19 12:24:37 2018] [9332] /: D:/openServer/domains/catss/./classes/site.p(283:2): 'mysql://****@[/var/run/mysqld/mysqld.sock]/?charset=utf8' Access denied for user 'ODBC'@'localhost' (using password: NO) [sql.connect] [uri=/, method=GET, cl=0]
[Tue Jun 19 12:28:19 2018] [6356] /: D:/openServer/domains/catss/./classes/site.p(283:2): 'D:\openServer\domains\catss\cgi-bin/lib/libparser3mysql.so' не является приложением Win32. [<no type>] [uri=/, method=GET, cl=0]
[Tue Jun 19 12:28:20 2018] [10392] /: D:/openServer/domains/catss/./classes/site.p(283:2): 'D:\openServer\domains\catss\cgi-bin/lib/libparser3mysql.so' не является приложением Win32. [<no type>] [uri=/, method=GET, cl=0]
[Tue Jun 19 12:28:21 2018] [4576] /: D:/openServer/domains/catss/./classes/site.p(283:2): 'D:\openServer\domains\catss\cgi-bin/lib/libparser3mysql.so' не является приложением Win32. [<no type>] [uri=/, method=GET, cl=0]
[Tue Jun 19 12:28:41 2018] [3108] /: D:/openServer/domains/catss/./classes/site.p(283:2): 'mysql://****@[/var/run/mysqld/mysqld.sock]/?charset=utf8' Access denied for user 'ODBC'@'localhost' (using password: NO) [sql.connect] [uri=/, method=GET, cl=0]
[Tue Jun 19 12:28:43 2018] [7512] /: D:/openServer/domains/catss/./classes/site.p(283:2): 'mysql://****@[/var/run/mysqld/mysqld.sock]/?charset=utf8' Access denied for user 'ODBC'@'localhost' (using password: NO) [sql.connect] [uri=/, method=GET, cl=0]
[Tue Jun 19 12:28:43 2018] [9748] /: D:/openServer/domains/catss/./classes/site.p(283:2): 'mysql://****@[/var/run/mysqld/mysqld.sock]/?charset=utf8' Access denied for user 'ODBC'@'localhost' (using password: NO) [sql.connect] [uri=/, method=GET, cl=0]
[Tue Jun 19 12:28:44 2018] [7828] /: D:/openServer/domains/catss/./classes/site.p(283:2): 'mysql://****@[/var/run/mysqld/mysqld.sock]/?charset=utf8' Access denied for user 'ODBC'@'localhost' (using password: NO) [sql.connect] [uri=/, method=GET, cl=0]
[Tue Jun 19 12:28:44 2018] [6980] /: D:/openServer/domains/catss/./classes/site.p(283:2): 'mysql://****@[/var/run/mysqld/mysqld.sock]/?charset=utf8' Access denied for user 'ODBC'@'localhost' (using password: NO) [sql.connect] [uri=/, method=GET, cl=0]
[Tue Jun 19 12:28:44 2018] [7056] /: D:/openServer/domains/catss/./classes/site.p(283:2): 'mysql://****@[/var/run/mysqld/mysqld.sock]/?charset=utf8' Access denied for user 'ODBC'@'localhost' (using password: NO) [sql.connect] [uri=/, method=GET, cl=0]
[Tue Jun 19 12:28:44 2018] [8176] /: D:/openServer/domains/catss/./classes/site.p(283:2): 'mysql://****@[/var/run/mysqld/mysqld.sock]/?charset=utf8' Access denied for user 'ODBC'@'localhost' (using password: NO) [sql.connect] [uri=/, method=GET, cl=0]
[Tue Jun 19 12:28:44 2018] [8336] /: D:/openServer/domains/catss/./classes/site.p(283:2): 'mysql://****@[/var/run/mysqld/mysqld.sock]/?charset=utf8' Access denied for user 'ODBC'@'localhost' (using password: NO) [sql.connect] [uri=/, method=GET, cl=0]
[Tue Jun 19 12:29:26 2018] [7280] /: D:\openServer\domains\catss\cgi-bin/auto.p(91:81): syntax error, unexpected BAD_METHOD_DECL_START, expecting ';' or '}' [parser.compile] [uri=/, method=GET, cl=0]
[Tue Jun 19 12:29:27 2018] [8212] /: D:\openServer\domains\catss\cgi-bin/auto.p(91:81): syntax error, unexpected BAD_METHOD_DECL_START, expecting ';' or '}' [parser.compile] [uri=/, method=GET, cl=0]
[Tue Jun 19 12:29:37 2018] [9572] /: D:/openServer/domains/catss/./classes/site.p(283:2): 'mysql://****@[/var/run/mysqld/mysqld.sock]/?charset=utf8' Access denied for user 'ODBC'@'localhost' (using password: NO) [sql.connect] [uri=/, method=GET, cl=0]
[Tue Jun 19 12:31:02 2018] [10852] /: D:/openServer/domains/catss/./classes/site.p(283:2): 'mysql://****@[/var/run/mysqld/mysqld.sock]/?charset=utf8' Access denied for user 'ODBC'@'localhost' (using password: NO) [sql.connect] [uri=/, method=GET, cl=0]
[Tue Jun 19 12:31:02 2018] [5292] /: D:/openServer/domains/catss/./classes/site.p(283:2): 'mysql://****@[/var/run/mysqld/mysqld.sock]/?charset=utf8' Access denied for user 'ODBC'@'localhost' (using password: NO) [sql.connect] [uri=/, method=GET, cl=0]
[Tue Jun 19 12:31:03 2018] [7756] /: D:/openServer/domains/catss/./classes/site.p(283:2): 'mysql://****@[/var/run/mysqld/mysqld.sock]/?charset=utf8' Access denied for user 'ODBC'@'localhost' (using password: NO) [sql.connect] [uri=/, method=GET, cl=0]
[Tue Jun 19 12:31:03 2018] [2932] /: D:/openServer/domains/catss/./classes/site.p(283:2): 'mysql://****@[/var/run/mysqld/mysqld.sock]/?charset=utf8' Access denied for user 'ODBC'@'localhost' (using password: NO) [sql.connect] [uri=/, method=GET, cl=0]
[Tue Jun 19 12:31:03 2018] [828] /: D:/openServer/domains/catss/./classes/site.p(283:2): 'mysql://****@[/var/run/mysqld/mysqld.sock]/?charset=utf8' Access denied for user 'ODBC'@'localhost' (using password: NO) [sql.connect] [uri=/, method=GET, cl=0]
[Tue Jun 19 12:31:03 2018] [4080] /: D:/openServer/domains/catss/./classes/site.p(283:2): 'mysql://****@[/var/run/mysqld/mysqld.sock]/?charset=utf8' Access denied for user 'ODBC'@'localhost' (using password: NO) [sql.connect] [uri=/, method=GET, cl=0]
[Tue Jun 19 12:31:04 2018] [10020] /: D:/openServer/domains/catss/./classes/site.p(283:2): 'mysql://****@[/var/run/mysqld/mysqld.sock]/?charset=utf8' Access denied for user 'ODBC'@'localhost' (using password: NO) [sql.connect] [uri=/, method=GET, cl=0]
[Tue Jun 19 12:31:04 2018] [4212] /: D:/openServer/domains/catss/./classes/site.p(283:2): 'mysql://****@[/var/run/mysqld/mysqld.sock]/?charset=utf8' Access denied for user 'ODBC'@'localhost' (using password: NO) [sql.connect] [uri=/, method=GET, cl=0]
[Tue Jun 19 12:31:05 2018] [10056] /: D:/openServer/domains/catss/./classes/site.p(283:2): 'mysql://****@[/var/run/mysqld/mysqld.sock]/?charset=utf8' Access denied for user 'ODBC'@'localhost' (using password: NO) [sql.connect] [uri=/, method=GET, cl=0]
[Tue Jun 19 12:35:33 2018] [1168] /: D:/openServer/domains/catss/./classes/site.p(283:2): 'mysql://****@[/var/run/mysqld/mysqld.sock]/?charset=utf8' Access denied for user 'ODBC'@'localhost' (using password: NO) [sql.connect] [uri=/, method=GET, cl=0]
[Tue Jun 19 12:35:33 2018] [1164] /: D:/openServer/domains/catss/./classes/site.p(283:2): 'mysql://****@[/var/run/mysqld/mysqld.sock]/?charset=utf8' Access denied for user 'ODBC'@'localhost' (using password: NO) [sql.connect] [uri=/, method=GET, cl=0]
[Tue Jun 19 12:35:33 2018] [11244] /: D:/openServer/domains/catss/./classes/site.p(283:2): 'mysql://****@[/var/run/mysqld/mysqld.sock]/?charset=utf8' Access denied for user 'ODBC'@'localhost' (using password: NO) [sql.connect] [uri=/, method=GET, cl=0]
[Tue Jun 19 12:38:49 2018] [7680] /: D:/openServer/domains/catss/./classes/site.p(638:44): 'SELECT id FROM menus WHERE mainpage=1' No database selected [sql.execute] [uri=/, method=GET, cl=0]
[Tue Jun 19 12:40:13 2018] [6936] /: D:/openServer/domains/catss/./classes/site.p(638:44): 'SELECT id FROM menus WHERE mainpage=1' No database selected [sql.execute] [uri=/, method=GET, cl=0]
[Tue Jun 19 12:40:14 2018] [9916] /: D:/openServer/domains/catss/./classes/site.p(638:44): 'SELECT id FROM menus WHERE mainpage=1' No database selected [sql.execute] [uri=/, method=GET, cl=0]
[Tue Jun 19 12:40:15 2018] [10360] /: D:/openServer/domains/catss/./classes/site.p(638:44): 'SELECT id FROM menus WHERE mainpage=1' No database selected [sql.execute] [uri=/, method=GET, cl=0]
[Tue Jun 19 12:40:16 2018] [7768] /: D:/openServer/domains/catss/./classes/site.p(638:44): 'SELECT id FROM menus WHERE mainpage=1' No database selected [sql.execute] [uri=/, method=GET, cl=0]
[Tue Jun 19 12:40:17 2018] [10224] /: D:/openServer/domains/catss/./classes/site.p(638:44): 'SELECT id FROM menus WHERE mainpage=1' No database selected [sql.execute] [uri=/, method=GET, cl=0]
[Tue Jun 19 12:40:17 2018] [11152] /: D:/openServer/domains/catss/./classes/site.p(638:44): 'SELECT id FROM menus WHERE mainpage=1' No database selected [sql.execute] [uri=/, method=GET, cl=0]
[Tue Jun 19 12:40:44 2018] [8292] /: D:/openServer/domains/catss/./classes/site.p(638:44): 'SELECT id FROM menus WHERE mainpage=1' No database selected [sql.execute] [uri=/, method=GET, cl=0]
[Tue Jun 19 12:42:29 2018] [6388] /: D:/openServer/domains/catss/./classes/site.p(638:44): 'SELECT id FROM menus WHERE mainpage=1' No database selected [sql.execute] [uri=/, method=GET, cl=0]
[Tue Jun 19 12:42:30 2018] [4016] /: D:/openServer/domains/catss/./classes/site.p(638:44): 'SELECT id FROM menus WHERE mainpage=1' No database selected [sql.execute] [uri=/, method=GET, cl=0]
[Tue Jun 19 12:42:30 2018] [1252] /: D:/openServer/domains/catss/./classes/site.p(638:44): 'SELECT id FROM menus WHERE mainpage=1' No database selected [sql.execute] [uri=/, method=GET, cl=0]
[Tue Jun 19 12:42:30 2018] [5664] /: D:/openServer/domains/catss/./classes/site.p(638:44): 'SELECT id FROM menus WHERE mainpage=1' No database selected [sql.execute] [uri=/, method=GET, cl=0]
[Tue Jun 19 12:42:31 2018] [352] /: D:/openServer/domains/catss/./classes/site.p(638:44): 'SELECT id FROM menus WHERE mainpage=1' No database selected [sql.execute] [uri=/, method=GET, cl=0]
[Tue Jun 19 12:42:42 2018] [6984] /: D:/openServer/domains/catss/./classes/site.p(638:44): 'SELECT id FROM menus WHERE mainpage=1' No database selected [sql.execute] [uri=/, method=GET, cl=0]
[Tue Jun 19 12:42:50 2018] [9592] /: D:/openServer/domains/catss/./classes/site.p(638:44): 'SELECT id FROM menus WHERE mainpage=1' No database selected [sql.execute] [uri=/, method=GET, cl=0]
[Tue Jun 19 12:42:51 2018] [3828] /: D:/openServer/domains/catss/./classes/site.p(638:44): 'SELECT id FROM menus WHERE mainpage=1' No database selected [sql.execute] [uri=/, method=GET, cl=0]
[Tue Jun 19 12:42:51 2018] [7984] /: D:/openServer/domains/catss/./classes/site.p(638:44): 'SELECT id FROM menus WHERE mainpage=1' No database selected [sql.execute] [uri=/, method=GET, cl=0]
[Tue Jun 19 12:42:59 2018] [3588] /: D:/openServer/domains/catss/./classes/site.p(634:44): 'SELECT id FROM menus WHERE mainpage=1' No database selected [sql.execute] [uri=/, method=GET, cl=0]
[Tue Jun 19 12:42:59 2018] [10068] /: D:/openServer/domains/catss/./classes/site.p(634:44): 'SELECT id FROM menus WHERE mainpage=1' No database selected [sql.execute] [uri=/, method=GET, cl=0]
[Tue Jun 19 12:43:00 2018] [1072] /: D:/openServer/domains/catss/./classes/site.p(634:44): 'SELECT id FROM menus WHERE mainpage=1' No database selected [sql.execute] [uri=/, method=GET, cl=0]
[Tue Jun 19 12:43:00 2018] [9720] /: D:/openServer/domains/catss/./classes/site.p(634:44): 'SELECT id FROM menus WHERE mainpage=1' No database selected [sql.execute] [uri=/, method=GET, cl=0]
[Tue Jun 19 12:43:10 2018] [1364] /: D:/openServer/domains/catss/auto.p(24:11): 'site' class is undefined [parser.runtime] [uri=/, method=GET, cl=0]
[Tue Jun 19 12:43:23 2018] [476] /: D:/openServer/domains/catss/./classes/site.p(638:44): 'SELECT id FROM menus WHERE mainpage=1' No database selected [sql.execute] [uri=/, method=GET, cl=0]
[Tue Jun 19 12:54:03 2018] [5972] /: D:/openServer/domains/catss/./classes/site.p(638:44): 'SELECT id FROM menus WHERE mainpage=1' No database selected [sql.execute] [uri=/, method=GET, cl=0]
[Tue Jun 19 12:56:54 2018] [9088] /: D:/openServer/domains/catss/./classes/site.p(638:44): 'SELECT id FROM menus WHERE mainpage=1' No database selected [sql.execute] [uri=/, method=GET, cl=0]
[Tue Jun 19 12:57:19 2018] [8040] /: D:/openServer/domains/catss/./classes/site.p(639:44): 'SELECT id FROM menus WHERE mainpage=1' No database selected [sql.execute] [uri=/, method=GET, cl=0]
[Tue Jun 19 12:57:20 2018] [7900] /: D:/openServer/domains/catss/./classes/site.p(639:44): 'SELECT id FROM menus WHERE mainpage=1' No database selected [sql.execute] [uri=/, method=GET, cl=0]
[Tue Jun 19 12:57:20 2018] [1596] /: D:/openServer/domains/catss/./classes/site.p(639:44): 'SELECT id FROM menus WHERE mainpage=1' No database selected [sql.execute] [uri=/, method=GET, cl=0]
[Tue Jun 19 12:57:20 2018] [10068] /: D:/openServer/domains/catss/./classes/site.p(639:44): 'SELECT id FROM menus WHERE mainpage=1' No database selected [sql.execute] [uri=/, method=GET, cl=0]
[Tue Jun 19 12:57:34 2018] [1260] /: D:/openServer/domains/catss/./classes/site.p(639:46): 'SELECT id FROM menus WHERE mainpage=1' No database selected [sql.execute] [uri=/, method=GET, cl=0]
[Tue Jun 19 12:57:35 2018] [10984] /: D:/openServer/domains/catss/./classes/site.p(639:46): 'SELECT id FROM menus WHERE mainpage=1' No database selected [sql.execute] [uri=/, method=GET, cl=0]
[Tue Jun 19 12:57:35 2018] [2020] /: D:/openServer/domains/catss/./classes/site.p(639:46): 'SELECT id FROM menus WHERE mainpage=1' No database selected [sql.execute] [uri=/, method=GET, cl=0]
[Tue Jun 19 12:57:36 2018] [8760] /: D:/openServer/domains/catss/./classes/site.p(639:46): 'SELECT id FROM menus WHERE mainpage=1' No database selected [sql.execute] [uri=/, method=GET, cl=0]
[Tue Jun 19 12:57:43 2018] [10060] /: D:/openServer/domains/catss/auto.p(24:11): 'site' class is undefined [parser.runtime] [uri=/, method=GET, cl=0]
[Tue Jun 19 12:57:59 2018] [1732] /: D:/openServer/domains/catss/./classes/site.p(639:44): 'SELECT id FROM menus WHERE mainpage=1' No database selected [sql.execute] [uri=/, method=GET, cl=0]
[Tue Jun 19 12:58:13 2018] [8808] /: D:/openServer/domains/catss/./classes/site.p(285:15): '{!!!!!!!!!!!!!!} ' invalid number (double) [number.format] [uri=/, method=GET, cl=0]
[Tue Jun 19 12:58:22 2018] [10548] /: D:/openServer/domains/catss/./classes/site.p(639:44): 'SELECT id FROM menus WHERE mainpage=1' No database selected [sql.execute] [uri=/, method=GET, cl=0]
[Tue Jun 19 12:58:46 2018] [8436] /: D:/openServer/domains/catss/./classes/site.p(639:44): 'SELECT id FROM menus WHERE mainpage=1' No database selected [sql.execute] [uri=/, method=GET, cl=0]
[Tue Jun 19 12:58:47 2018] [10696] /: D:/openServer/domains/catss/./classes/site.p(639:44): 'SELECT id FROM menus WHERE mainpage=1' No database selected [sql.execute] [uri=/, method=GET, cl=0]
[Tue Jun 19 12:58:54 2018] [11216] /: D:/openServer/domains/catss/./classes/site.p(639:46): 'SELECT id FROM menus WHERE mainpage=1' No database selected [sql.execute] [uri=/, method=GET, cl=0]
[Tue Jun 19 12:58:55 2018] [9972] /: D:/openServer/domains/catss/./classes/site.p(639:46): 'SELECT id FROM menus WHERE mainpage=1' No database selected [sql.execute] [uri=/, method=GET, cl=0]
[Tue Jun 19 12:58:55 2018] [10940] /: D:/openServer/domains/catss/./classes/site.p(639:46): 'SELECT id FROM menus WHERE mainpage=1' No database selected [sql.execute] [uri=/, method=GET, cl=0]
[Tue Jun 19 12:58:55 2018] [10768] /: D:/openServer/domains/catss/./classes/site.p(639:46): 'SELECT id FROM menus WHERE mainpage=1' No database selected [sql.execute] [uri=/, method=GET, cl=0]
[Tue Jun 19 12:58:55 2018] [6384] /: D:/openServer/domains/catss/./classes/site.p(639:46): 'SELECT id FROM menus WHERE mainpage=1' No database selected [sql.execute] [uri=/, method=GET, cl=0]
[Tue Jun 19 12:59:01 2018] [10272] /: D:/openServer/domains/catss/./classes/site.p(285:15): '{!!!!!!!!!!!!!! menus} ' invalid number (double) [number.format] [uri=/, method=GET, cl=0]
[Tue Jun 19 13:01:09 2018] [11176] /: D:/openServer/domains/catss/./classes/site.p(285:15): '{!!!!!!!!!!!!!! menus} ' invalid number (double) [number.format] [uri=/, method=GET, cl=0]
[Tue Jun 19 13:01:10 2018] [10892] /: D:/openServer/domains/catss/./classes/site.p(285:15): '{!!!!!!!!!!!!!! menus} ' invalid number (double) [number.format] [uri=/, method=GET, cl=0]
[Tue Jun 19 13:01:10 2018] [7788] /: D:/openServer/domains/catss/./classes/site.p(285:15): '{!!!!!!!!!!!!!! menus} ' invalid number (double) [number.format] [uri=/, method=GET, cl=0]
[Tue Jun 19 13:01:10 2018] [11156] /: D:/openServer/domains/catss/./classes/site.p(285:15): '{!!!!!!!!!!!!!! menus} ' invalid number (double) [number.format] [uri=/, method=GET, cl=0]
[Tue Jun 19 13:01:10 2018] [4180] /: D:/openServer/domains/catss/./classes/site.p(285:15): '{!!!!!!!!!!!!!! menus} ' invalid number (double) [number.format] [uri=/, method=GET, cl=0]
[Tue Jun 19 13:01:11 2018] [10352] /: D:/openServer/domains/catss/./classes/site.p(285:15): '{!!!!!!!!!!!!!! menus} ' invalid number (double) [number.format] [uri=/, method=GET, cl=0]
[Tue Jun 19 13:01:11 2018] [6984] /: D:/openServer/domains/catss/./classes/site.p(285:15): '{!!!!!!!!!!!!!! menus} ' invalid number (double) [number.format] [uri=/, method=GET, cl=0]
